Log de app.py ActivoTemp: 22
Dolar: 864.85
Uf: 35,009.70
https://www.sudoku-online.org/
EL CRONJOB ESTÁ FUNCIONANDO
Temp: 22
Dolar: 864.85
Uf: 35,009.70
https://www.sudoku-online.org/
EL CRONJOB ESTÁ FUNCIONANDO
Temp: 22
Dolar: 865.01
Uf: 35,009.70
https://www.sudoku-online.org/
EL CRONJOB ESTÁ FUNCIONANDO
Temp: 22
Dolar: 865.01
Uf: 35,009.70
https://www.sudoku-online.org/
EL CRONJOB ESTÁ FUNCIONANDO
Temp: 22
Dolar: 864.80
Uf: 35,009.70
https://www.sudoku-online.org/
EL CRONJOB ESTÁ FUNCIONANDO
Temp: 22
Dolar: 864.80
Uf: 35,009.70
https://www.sudoku-online.org/
EL CRONJOB ESTÁ FUNCIONANDO
Temp: 22
Dolar: 865.15
Uf: 35,009.70
https://www.sudoku-online.org/
EL CRONJOB ESTÁ FUNCIONANDO
Temp: 22
Dolar: 865.15
Uf: 35,009.70
https://www.sudoku-online.org/
EL CRONJOB ESTÁ FUNCIONANDO
Temp: 22
Dolar: 865.15
Uf: 35,009.70
https://www.sudoku-online.org/
EL CRONJOB ESTÁ FUNCIONANDO
Temp: 22
Dolar: 865.50
Uf: 35,009.70
https://www.sudoku-online.org/
EL CRONJOB ESTÁ FUNCIONANDO
Temp: 22
Dolar: 865.50
Uf: 35,009.70
https://www.sudoku-online.org/
EL CRONJOB ESTÁ FUNCIONANDO
Temp: 22
Dolar: 865.90
Uf: 35,009.70
https://www.sudoku-online.org/
EL CRONJOB ESTÁ FUNCIONANDO
Temp: 22
Dolar: 865.90
Uf: 35,009.70
https://www.sudoku-online.org/
EL CRONJOB ESTÁ FUNCIONANDO
Temp: 22
Dolar: 865.45
Uf: 35,009.70
https://www.sudoku-online.org/
EL CRONJOB ESTÁ FUNCIONANDO
Temp: 22
Dolar: 865.45
Uf: 35,009.70
https://www.sudoku-online.org/
EL CRONJOB ESTÁ FUNCIONANDO
Temp: 22
Dolar: 864.88
Uf: 35,009.70
https://www.sudoku-online.org/
EL CRONJOB ESTÁ FUNCIONANDO
Temp: 22
Dolar: 864.88
Uf: 35,009.70
https://www.sudoku-online.org/
EL CRONJOB ESTÁ FUNCIONANDO
Temp: 22
Dolar: 864.73
Uf: 35,009.70
https://www.sudoku-online.org/
EL CRONJOB ESTÁ FUNCIONANDO
Temp: 22
Dolar: 864.73
Uf: 35,009.70
https://www.sudoku-online.org/
EL CRONJOB ESTÁ FUNCIONANDO
Temp: 22
Dolar: 865.35
Uf: 35,009.70
https://www.sudoku-online.org/
EL CRONJOB ESTÁ FUNCIONANDO
Temp: 22
Dolar: 865.35
Uf: 35,009.70
https://www.sudoku-online.org/
EL CRONJOB ESTÁ FUNCIONANDO
Temp: 24
Dolar: 865.13
Uf: 35,009.70
https://www.sudoku-online.org/
EL CRONJOB ESTÁ FUNCIONANDO
Temp: 24
Dolar: 865.25
Uf: 35,009.70
https://www.sudoku-online.org/
EL CRONJOB ESTÁ FUNCIONANDO
Temp: 24
Dolar: 865.29
Uf: 35,009.70
https://www.sudoku-online.org/
EL CRONJOB ESTÁ FUNCIONANDO
Temp: 24
Dolar: 865.70
Uf: 35,009.70
https://www.sudoku-online.org/
EL CRONJOB ESTÁ FUNCIONANDO
Temp: 24
Dolar: 865.70
Uf: 35,009.70
https://www.sudoku-online.org/
EL CRONJOB ESTÁ FUNCIONANDO
Temp: 24
Dolar: 865.70
Uf: 35,009.70
https://www.sudoku-online.org/
EL CRONJOB ESTÁ FUNCIONANDO
Temp: 24
Dolar: 866.08
Uf: 35,009.70
https://www.sudoku-online.org/
EL CRONJOB ESTÁ FUNCIONANDO
Temp: 24
Dolar: 866.13
Uf: 35,009.70
https://www.sudoku-online.org/
EL CRONJOB ESTÁ FUNCIONANDO
Temp: 24
Dolar: 866.13
Uf: 35,009.70
https://www.sudoku-online.org/
EL CRONJOB ESTÁ FUNCIONANDO
Temp: 24
Dolar: 865.79
Uf: 35,009.70
https://www.sudoku-online.org/
EL CRONJOB ESTÁ FUNCIONANDO
Temp: 24
Dolar: 865.79
Uf: 35,009.70
https://www.sudoku-online.org/
EL CRONJOB ESTÁ FUNCIONANDO
Temp: 24
Dolar: 865.79
Uf: 35,009.70
https://www.sudoku-online.org/
EL CRONJOB ESTÁ FUNCIONANDO
Temp: 24
Dolar: 865.79
Uf: 35,009.70
https://www.sudoku-online.org/
EL CRONJOB ESTÁ FUNCIONANDO
Temp: 24
Dolar: 866.55
Uf: 35,009.70
https://www.sudoku-online.org/
EL CRONJOB ESTÁ FUNCIONANDO
Temp: 24
Dolar: 865.75
Uf: 35,009.70
https://www.sudoku-online.org/
EL CRONJOB ESTÁ FUNCIONANDO
Temp: 24
Dolar: 865.75
Uf: 35,009.70
https://www.sudoku-online.org/
EL CRONJOB ESTÁ FUNCIONANDO
Temp: 24
Dolar: 865.83
Uf: 35,009.70
https://www.sudoku-online.org/
EL CRONJOB ESTÁ FUNCIONANDO
Temp: 24
Dolar: 865.83
Uf: 35,009.70
https://www.sudoku-online.org/
EL CRONJOB ESTÁ FUNCIONANDO
Temp: 24
Dolar: 866.75
Uf: 35,009.70
https://www.sudoku-online.org/
EL CRONJOB ESTÁ FUNCIONANDO
Temp: 24
Dolar: 866.75
Uf: 35,009.70
https://www.sudoku-online.org/
EL CRONJOB ESTÁ FUNCIONANDO
Temp: 24
Dolar: 866.75
Uf: 35,009.70
https://www.sudoku-online.org/
EL CRONJOB ESTÁ FUNCIONANDO
Temp: 24
Dolar: 866.58
Uf: 35,009.70
https://www.sudoku-online.org/
EL CRONJOB ESTÁ FUNCIONANDO
Temp: 24
Dolar: 866.58
Uf: 35,009.70
https://www.sudoku-online.org/
EL CRONJOB ESTÁ FUNCIONANDO
